<?xml version="1.0" encoding="UTF-8"?>
<!-- Generated by org.testng.reporters.JUnitReportReporter -->
<testsuite hostname="Harneets-MacBook-Pro.local" failures="0" tests="4" name="org.techArk.addDataAndDeleteData.ValidateDeleteData_Functionality" time="17.848" errors="0" timestamp="2024-04-09T17:53:39 EDT" skipped="0">
  <testcase classname="org.techArk.addDataAndDeleteData.ValidateDeleteData_Functionality" name="validateAddDataFunctionality" time="0.634"/>
  <system-out/>
  <testcase classname="org.techArk.addDataAndDeleteData.ValidateDeleteData_Functionality" name="validateAddedDataInGetData" time="4.734"/>
  <system-out/>
  <testcase classname="org.techArk.addDataAndDeleteData.ValidateDeleteData_Functionality" name="validateDeleteData" time="1.844"/>
  <system-out/>
  <testcase classname="org.techArk.addDataAndDeleteData.ValidateDeleteData_Functionality" name="validateDeletedDataInGetData" time="10.636"/>
  <system-out/>
</testsuite> <!-- org.techArk.addDataAndDeleteData.ValidateDeleteData_Functionality -->
