<?xml version="1.0" encoding="UTF-8"?>
<!-- Generated by org.testng.reporters.JUnitReportReporter -->
<testsuite hostname="Harneets-MacBook-Pro.local" failures="0" tests="1" name="org.techArk.login.ValidateLoginAPI_Functionality" time="2.707" errors="0" timestamp="2024-04-09T17:15:25 EDT" skipped="0">
  <testcase classname="org.techArk.login.ValidateLoginAPI_Functionality" name="validateLoginWithValidCredentials" time="2.707"/>
  <system-out/>
</testsuite> <!-- org.techArk.login.ValidateLoginAPI_Functionality -->
