<?xml version="1.0" encoding="UTF-8"?>
<!-- Generated by org.testng.reporters.JUnitReportReporter -->
<testsuite skipped="0" hostname="LAPTOP-6I37K8RN" name="org.techArk.addDataAndDeleteData.ValidateDeleteData_Functionality" tests="4" failures="0" timestamp="2023-02-27T22:43:47 IST" time="18.063" errors="0">
  <testcase name="validateAddDataFunctionality" time="3.565" classname="org.techArk.addDataAndDeleteData.ValidateDeleteData_Functionality"/>
  <system-out/>
  <testcase name="validateAddedDataInGetData" time="6.434" classname="org.techArk.addDataAndDeleteData.ValidateDeleteData_Functionality"/>
  <system-out/>
  <testcase name="validateDeleteData" time="2.363" classname="org.techArk.addDataAndDeleteData.ValidateDeleteData_Functionality"/>
  <system-out/>
  <testcase name="validateDeletedDataInGetData" time="5.701" classname="org.techArk.addDataAndDeleteData.ValidateDeleteData_Functionality"/>
  <system-out/>
</testsuite> <!-- org.techArk.addDataAndDeleteData.ValidateDeleteData_Functionality -->
