<?xml version="1.0" encoding="UTF-8"?>
<!-- Generated by org.testng.reporters.JUnitReportReporter -->
<testsuite hostname="Harneets-MacBook-Pro.local" failures="0" tests="1" name="org.techArk.addDataAndDeleteData.ValidateDeleteData_Functionality" time="2.987" errors="0" timestamp="2024-04-08T13:11:12 EDT" skipped="0">
  <testcase classname="org.techArk.addDataAndDeleteData.ValidateDeleteData_Functionality" name="validateAddDataFunctionality" time="2.987"/>
  <system-out/>
</testsuite> <!-- org.techArk.addDataAndDeleteData.ValidateDeleteData_Functionality -->
