<?xml version="1.0" encoding="UTF-8"?>
<!-- Generated by org.testng.reporters.JUnitReportReporter -->
<testsuite hostname="Harneets-MacBook-Pro.local" failures="0" tests="1" name="org.techArk.login.ValidateLoginAPI_Functionality" time="2.355" errors="0" timestamp="2024-04-08T13:31:41 EDT" skipped="0">
  <testcase classname="org.techArk.login.ValidateLoginAPI_Functionality" name="validateLoginWithInValidCredentials" time="2.355"/>
  <system-out/>
</testsuite> <!-- org.techArk.login.ValidateLoginAPI_Functionality -->
