<?xml version="1.0" encoding="UTF-8"?>
<!-- Generated by org.testng.reporters.JUnitReportReporter -->
<testsuite hostname="Harneets-MBP" failures="0" tests="2" name="org.techArk.login.ValidateLoginAPI_Functionality" time="2.818" errors="0" timestamp="2024-06-17T10:13:53 EDT" skipped="0">
  <testcase classname="org.techArk.login.ValidateLoginAPI_Functionality" name="validateLoginWithValidCredentials" time="2.646"/>
  <system-out/>
  <testcase classname="org.techArk.login.ValidateLoginAPI_Functionality" name="validateLoginWithInValidCredentials" time="0.172"/>
  <system-out/>
</testsuite> <!-- org.techArk.login.ValidateLoginAPI_Functionality -->
