<?xml version="1.0" encoding="UTF-8"?>
<!-- Generated by org.testng.reporters.JUnitReportReporter -->
<testsuite hostname="Harneets-MacBook-Pro.local" failures="0" tests="4" name="org.techArk.addDataAndDeleteData.ValidateDeleteData_Functionality" time="27.229" errors="0" timestamp="2024-04-08T15:45:42 EDT" skipped="0">
  <testcase classname="org.techArk.addDataAndDeleteData.ValidateDeleteData_Functionality" name="validateAddDataFunctionality" time="0.416"/>
  <system-out/>
  <testcase classname="org.techArk.addDataAndDeleteData.ValidateDeleteData_Functionality" name="validateAddedDataInGetData" time="12.711"/>
  <system-out/>
  <testcase classname="org.techArk.addDataAndDeleteData.ValidateDeleteData_Functionality" name="validateDeleteData" time="0.285"/>
  <system-out/>
  <testcase classname="org.techArk.addDataAndDeleteData.ValidateDeleteData_Functionality" name="validateDeletedDataInGetData" time="13.817"/>
  <system-out/>
</testsuite> <!-- org.techArk.addDataAndDeleteData.ValidateDeleteData_Functionality -->
